<?xml version="1.0" encoding="UTF-8"?>
<coverage generated="1606447384858" clover="3.2.0">
  <project timestamp="1606447384858" name="All files">
    <metrics statements="30" coveredstatements="30" conditionals="19" coveredconditionals="17" methods="2" coveredmethods="2" elements="51" coveredelements="49" complexity="0" loc="30" ncloc="30" packages="1" files="2" classes="2"/>
    <file name="checkUrl.js" path="/Users/muskan/Desktop/open source/urltester/utils/checkUrl.js">
      <metrics statements="8" coveredstatements="8" conditionals="0" coveredconditionals="0" methods="1" coveredmethods="1"/>
      <line num="1" count="1" type="stmt"/>
      <line num="3" count="1" type="stmt"/>
      <line num="5" count="5" type="stmt"/>
      <line num="6" count="5" type="stmt"/>
      <line num="7" count="4" type="stmt"/>
      <line num="9" count="1" type="stmt"/>
      <line num="11" count="5" type="stmt"/>
      <line num="14" count="1" type="stmt"/>
    </file>
    <file name="printColoredOutput.js" path="/Users/muskan/Desktop/open source/urltester/utils/printColoredOutput.js">
      <metrics statements="22" coveredstatements="22" conditionals="19" coveredconditionals="17" methods="1" coveredmethods="1"/>
      <line num="1" count="1" type="stmt"/>
      <line num="3" count="1" type="stmt"/>
      <line num="4" count="1" type="stmt"/>
      <line num="5" count="1" type="stmt"/>
      <line num="7" count="1" type="stmt"/>
      <line num="8" count="6" type="cond" truecount="4" falsecount="0"/>
      <line num="9" count="4" type="stmt"/>
      <line num="10" count="4" type="stmt"/>
      <line num="11" count="4" type="stmt"/>
      <line num="12" count="2" type="cond" truecount="2" falsecount="0"/>
      <line num="13" count="1" type="stmt"/>
      <line num="14" count="1" type="stmt"/>
      <line num="15" count="1" type="cond" truecount="1" falsecount="1"/>
      <line num="16" count="1" type="stmt"/>
      <line num="17" count="1" type="stmt"/>
      <line num="19" count="6" type="stmt"/>
      <line num="20" count="6" type="cond" truecount="4" falsecount="0"/>
      <line num="21" count="2" type="stmt"/>
      <line num="22" count="4" type="cond" truecount="5" falsecount="0"/>
      <line num="23" count="3" type="stmt"/>
      <line num="24" count="1" type="cond" truecount="1" falsecount="1"/>
      <line num="28" count="1" type="stmt"/>
    </file>
  </project>
</coverage>
