{"C:\\Users\\Owner\\Documents\\Sem 5-Fall 2020\\DPS909 - Topics in Open source\\urltester\\test\\run.js": {"path":"C:\\Users\\Owner\\Documents\\Sem 5-Fall 2020\\DPS909 - Topics in Open source\\urltester\\test\\run.js","statementMap":{"0":{"start":{"line":1,"column":14},"end":{"line":1,"column":30}},"1":{"start":{"line":5,"column":2},"end":{"line":10,"column":3}},"2":{"start":{"line":6,"column":19},"end":{"line":6,"column":55}},"3":{"start":{"line":7,"column":4},"end":{"line":7,"column":18}},"4":{"start":{"line":9,"column":4},"end":{"line":9,"column":15}},"5":{"start":{"line":13,"column":0},"end":{"line":13,"column":25}}},"fnMap":{"0":{"name":"run","decl":{"start":{"line":4,"column":15},"end":{"line":4,"column":18}},"loc":{"start":{"line":4,"column":28},"end":{"line":11,"column":1}},"line":4}},"branchMap":{},"s":{"0":1,"1":1,"2":1,"3":1,"4":0,"5":1},"f":{"0":1},"b":{},"_coverageSchema":"1a1c01bbd47fc00a2c39e90264f33305004495a9","hash":"0261c6bd1455f9a320224fbd54e4af5924b36c97"}
,"C:\\Users\\Owner\\Documents\\Sem 5-Fall 2020\\DPS909 - Topics in Open source\\urltester\\utils\\checkUrl.js": {"path":"C:\\Users\\Owner\\Documents\\Sem 5-Fall 2020\\DPS909 - Topics in Open source\\urltester\\utils\\checkUrl.js","statementMap":{"0":{"start":{"line":1,"column":14},"end":{"line":1,"column":35}},"1":{"start":{"line":3,"column":17},"end":{"line":12,"column":1}},"2":{"start":{"line":5,"column":2},"end":{"line":10,"column":3}},"3":{"start":{"line":6,"column":16},"end":{"line":6,"column":67}},"4":{"start":{"line":7,"column":4},"end":{"line":7,"column":60}},"5":{"start":{"line":9,"column":4},"end":{"line":9,"column":50}},"6":{"start":{"line":11,"column":2},"end":{"line":11,"column":20}},"7":{"start":{"line":14,"column":0},"end":{"line":14,"column":30}}},"fnMap":{"0":{"name":"(anonymous_0)","decl":{"start":{"line":3,"column":17},"end":{"line":3,"column":18}},"loc":{"start":{"line":3,"column":32},"end":{"line":12,"column":1}},"line":3}},"branchMap":{},"s":{"0":1,"1":1,"2":5,"3":5,"4":4,"5":1,"6":5,"7":1},"f":{"0":5},"b":{},"_coverageSchema":"1a1c01bbd47fc00a2c39e90264f33305004495a9","hash":"bbe0c51ccc05bf4bba0028e64667088600f97da5"}
,"C:\\Users\\Owner\\Documents\\Sem 5-Fall 2020\\DPS909 - Topics in Open source\\urltester\\utils\\printColoredOutput.js": {"path":"C:\\Users\\Owner\\Documents\\Sem 5-Fall 2020\\DPS909 - Topics in Open source\\urltester\\utils\\printColoredOutput.js","statementMap":{"0":{"start":{"line":1,"column":14},"end":{"line":1,"column":30}},"1":{"start":{"line":3,"column":17},"end":{"line":3,"column":21}},"2":{"start":{"line":4,"column":18},"end":{"line":4,"column":23}},"3":{"start":{"line":5,"column":17},"end":{"line":5,"column":22}},"4":{"start":{"line":7,"column":27},"end":{"line":26,"column":1}},"5":{"start":{"line":8,"column":2},"end":{"line":18,"column":3}},"6":{"start":{"line":9,"column":4},"end":{"line":9,"column":22}},"7":{"start":{"line":10,"column":4},"end":{"line":10,"column":23}},"8":{"start":{"line":11,"column":4},"end":{"line":11,"column":22}},"9":{"start":{"line":12,"column":9},"end":{"line":18,"column":3}},"10":{"start":{"line":13,"column":4},"end":{"line":13,"column":23}},"11":{"start":{"line":14,"column":4},"end":{"line":14,"column":23}},"12":{"start":{"line":15,"column":9},"end":{"line":18,"column":3}},"13":{"start":{"line":16,"column":4},"end":{"line":16,"column":22}},"14":{"start":{"line":17,"column":4},"end":{"line":17,"column":23}},"15":{"start":{"line":19,"column":2},"end":{"line":25,"column":3}},"16":{"start":{"line":20,"column":4},"end":{"line":24,"column":85}},"17":{"start":{"line":21,"column":6},"end":{"line":21,"column":67}},"18":{"start":{"line":22,"column":9},"end":{"line":24,"column":85}},"19":{"start":{"line":23,"column":6},"end":{"line":23,"column":65}},"20":{"start":{"line":24,"column":9},"end":{"line":24,"column":85}},"21":{"start":{"line":24,"column":25},"end":{"line":24,"column":85}},"22":{"start":{"line":28,"column":0},"end":{"line":28,"column":40}}},"fnMap":{"0":{"name":"(anonymous_0)","decl":{"start":{"line":7,"column":27},"end":{"line":7,"column":28}},"loc":{"start":{"line":7,"column":47},"end":{"line":26,"column":1}},"line":7}},"branchMap":{"0":{"loc":{"start":{"line":8,"column":2},"end":{"line":18,"column":3}},"type":"if","locations":[{"start":{"line":8,"column":2},"end":{"line":18,"column":3}},{"start":{"line":8,"column":2},"end":{"line":18,"column":3}}],"line":8},"1":{"loc":{"start":{"line":8,"column":6},"end":{"line":8,"column":41}},"type":"binary-expr","locations":[{"start":{"line":8,"column":6},"end":{"line":8,"column":22}},{"start":{"line":8,"column":26},"end":{"line":8,"column":41}}],"line":8},"2":{"loc":{"start":{"line":12,"column":9},"end":{"line":18,"column":3}},"type":"if","locations":[{"start":{"line":12,"column":9},"end":{"line":18,"column":3}},{"start":{"line":12,"column":9},"end":{"line":18,"column":3}}],"line":12},"3":{"loc":{"start":{"line":15,"column":9},"end":{"line":18,"column":3}},"type":"if","locations":[{"start":{"line":15,"column":9},"end":{"line":18,"column":3}},{"start":{"line":15,"column":9},"end":{"line":18,"column":3}}],"line":15},"4":{"loc":{"start":{"line":20,"column":4},"end":{"line":24,"column":85}},"type":"if","locations":[{"start":{"line":20,"column":4},"end":{"line":24,"column":85}},{"start":{"line":20,"column":4},"end":{"line":24,"column":85}}],"line":20},"5":{"loc":{"start":{"line":20,"column":8},"end":{"line":20,"column":43}},"type":"binary-expr","locations":[{"start":{"line":20,"column":8},"end":{"line":20,"column":28}},{"start":{"line":20,"column":32},"end":{"line":20,"column":43}}],"line":20},"6":{"loc":{"start":{"line":22,"column":9},"end":{"line":24,"column":85}},"type":"if","locations":[{"start":{"line":22,"column":9},"end":{"line":24,"column":85}},{"start":{"line":22,"column":9},"end":{"line":24,"column":85}}],"line":22},"7":{"loc":{"start":{"line":22,"column":13},"end":{"line":22,"column":73}},"type":"binary-expr","locations":[{"start":{"line":22,"column":14},"end":{"line":22,"column":34}},{"start":{"line":22,"column":38},"end":{"line":22,"column":58}},{"start":{"line":22,"column":63},"end":{"line":22,"column":73}}],"line":22},"8":{"loc":{"start":{"line":24,"column":9},"end":{"line":24,"column":85}},"type":"if","locations":[{"start":{"line":24,"column":9},"end":{"line":24,"column":85}},{"start":{"line":24,"column":9},"end":{"line":24,"column":85}}],"line":24}},"s":{"0":1,"1":1,"2":1,"3":1,"4":1,"5":6,"6":4,"7":4,"8":4,"9":2,"10":1,"11":1,"12":1,"13":1,"14":1,"15":6,"16":6,"17":2,"18":4,"19":3,"20":1,"21":1,"22":1},"f":{"0":6},"b":{"0":[4,2],"1":[6,2],"2":[1,1],"3":[1,0],"4":[2,4],"5":[6,2],"6":[3,1],"7":[4,3,3],"8":[1,0]},"_coverageSchema":"1a1c01bbd47fc00a2c39e90264f33305004495a9","hash":"e1f1fff1e3f093ed42eef504863d005800bb1ea1"}
,"C:\\Users\\Owner\\Documents\\Sem 5-Fall 2020\\DPS909 - Topics in Open source\\urltester\\utils\\printManual.js": {"path":"C:\\Users\\Owner\\Documents\\Sem 5-Fall 2020\\DPS909 - Topics in Open source\\urltester\\utils\\printManual.js","statementMap":{"0":{"start":{"line":3,"column":20},"end":{"line":12,"column":1}},"1":{"start":{"line":5,"column":4},"end":{"line":10,"column":60}},"2":{"start":{"line":11,"column":2},"end":{"line":11,"column":13}},"3":{"start":{"line":24,"column":0},"end":{"line":24,"column":33}}},"fnMap":{"0":{"name":"(anonymous_0)","decl":{"start":{"line":3,"column":20},"end":{"line":3,"column":21}},"loc":{"start":{"line":3,"column":26},"end":{"line":12,"column":1}},"line":3}},"branchMap":{},"s":{"0":1,"1":1,"2":1,"3":1},"f":{"0":1},"b":{},"_coverageSchema":"1a1c01bbd47fc00a2c39e90264f33305004495a9","hash":"a52572bdc5e27d4a8cb9e6f4bd3b30b862b1681d"}
}
