TN:
SF:utils/checkUrl.js
FN:3,(anonymous_0)
FNF:1
FNH:1
FNDA:5,(anonymous_0)
DA:1,1
DA:3,1
DA:5,5
DA:6,5
DA:7,4
DA:9,1
DA:11,5
DA:14,1
LF:8
LH:8
BRF:0
BRH:0
end_of_record
TN:
SF:utils/printColoredOutput.js
FN:7,(anonymous_0)
FNF:1
FNH:1
FNDA:6,(anonymous_0)
DA:1,1
DA:3,1
DA:4,1
DA:5,1
DA:7,1
DA:8,6
DA:9,4
DA:10,4
DA:11,4
DA:12,2
DA:13,1
DA:14,1
DA:15,1
DA:16,1
DA:17,1
DA:19,6
DA:20,6
DA:21,2
DA:22,4
DA:23,3
DA:24,1
DA:28,1
LF:22
LH:22
BRDA:8,0,0,4
BRDA:8,0,1,2
BRDA:8,1,0,6
BRDA:8,1,1,2
BRDA:12,2,0,1
BRDA:12,2,1,1
BRDA:15,3,0,1
BRDA:15,3,1,0
BRDA:20,4,0,2
BRDA:20,4,1,4
BRDA:20,5,0,6
BRDA:20,5,1,2
BRDA:22,6,0,3
BRDA:22,6,1,1
BRDA:22,7,0,4
BRDA:22,7,1,3
BRDA:22,7,2,3
BRDA:24,8,0,1
BRDA:24,8,1,0
BRF:19
BRH:17
end_of_record
